<?xml version="1.0" encoding="UTF-8"?>
<!-- Generated by org.testng.reporters.JUnitReportReporter -->
<testsuite hostname="LAPTOP-QF25J5VR" failures="0" tests="4" name="TestCases" time="2.606" errors="0" timestamp="2025-03-30T22:36:37 IST" skipped="0">
  <testcase classname="TestCases" name="openGoogle" time="2.602"/>
  <system-out/>
  <testcase classname="TestCases" name="loginTest" time="0.001"/>
  <system-out/>
  <testcase classname="TestCases" name="searchTest" time="0.002"/>
  <system-out/>
  <testcase classname="TestCases" name="checkoutTest" time="0.001"/>
  <system-out/>
</testsuite> <!-- TestCases -->
