<?xml version="1.0" encoding="UTF-8"?>
<!-- Generated by org.testng.reporters.JUnitReportReporter -->
<testsuite hostname="LAPTOP-QF25J5VR" failures="0" tests="1" name="GoogleSearchTest" time="1.556" errors="0" timestamp="2025-03-26T21:45:42 IST" skipped="0">
  <testcase classname="GoogleSearchTest" name="openGoogle" time="1.556"/>
  <system-out/>
</testsuite> <!-- GoogleSearchTest -->
